# JRE version: OpenJDK Runtime Environment Temurin-17.0.7+7 (17.0.7+7) (build 17.0.7+7)
# Java VM: OpenJDK 64-Bit Server VM Temurin-17.0.7+7 (17.0.7+7, mixed mode, tiered, compressed oops, compressed class ptrs, g1 gc, windows-amd64)
GC Precious Log:
 CPUs: 6 total, 6 available
 Memory: 32712M
 Large Page Support: Disabled
 NUMA Support: Disabled
 Compressed Oops: Enabled (Zero based)
 Heap Region Size: 4M
 Heap Min Capacity: 8M
 Heap Initial Capacity: 512M
 Heap Max Capacity: 8180M
 Pre-touch: Disabled
 Parallel Workers: 6
 Concurrent Workers: 2
 Concurrent Refinement Workers: 6
 Periodic GC: Disabled
Heap:
 garbage-first heap   total 909312K, used 4739K [0x0000000600c00000, 0x0000000800000000)
  region size 4096K, 1 young (4096K), 1 survivors (4096K)
 Metaspace       used 3833K, committed 4032K, reserved 1114112K
  class space    used 309K, committed 384K, reserved 1048576K
GC Heap History (20 events):
Event: 145.063 GC heap after
{Heap after GC invocations=1593 (full 0):
 garbage-first heap   total 909312K, used 4739K [0x0000000600c00000, 0x0000000800000000)
  region size 4096K, 1 young (4096K), 1 survivors (4096K)
 Metaspace       used 3833K, committed 4032K, reserved 1114112K
  class space    used 309K, committed 384K, reserved 1048576K
}
Event: 145.106 GC heap before
{Heap before GC invocations=1593 (full 0):
 garbage-first heap   total 909312K, used 406147K [0x0000000600c00000, 0x0000000800000000)
  region size 4096K, 2 young (8192K), 1 survivors (4096K)
 Metaspace       used 3833K, committed 4032K, reserved 1114112K
  class space    used 309K, committed 384K, reserved 1048576K
}
Event: 145.107 GC heap after
{Heap after GC invocations=1594 (full 0):
 garbage-first heap   total 909312K, used 4739K [0x0000000600c00000, 0x0000000800000000)
  region size 4096K, 1 young (4096K), 1 survivors (4096K)
 Metaspace       used 3833K, committed 4032K, reserved 1114112K
  class space    used 309K, committed 384K, reserved 1048576K
}
Event: 145.151 GC heap before
{Heap before GC invocations=1594 (full 0):
 garbage-first heap   total 909312K, used 406147K [0x0000000600c00000, 0x0000000800000000)
  region size 4096K, 2 young (8192K), 1 survivors (4096K)
 Metaspace       used 3833K, committed 4032K, reserved 1114112K
  class space    used 309K, committed 384K, reserved 1048576K
}
Event: 145.152 GC heap after
{Heap after GC invocations=1595 (full 0):
 garbage-first heap   total 909312K, used 4739K [0x0000000600c00000, 0x0000000800000000)
  region size 4096K, 1 young (4096K), 1 survivors (4096K)
 Metaspace       used 3833K, committed 4032K, reserved 1114112K
  class space    used 309K, committed 384K, reserved 1048576K
}
Event: 145.193 GC heap before
{Heap before GC invocations=1595 (full 0):
 garbage-first heap   total 909312K, used 406147K [0x0000000600c00000, 0x0000000800000000)
  region size 4096K, 2 young (8192K), 1 survivors (4096K)
 Metaspace       used 3833K, committed 4032K, reserved 1114112K
  class space    used 309K, committed 384K, reserved 1048576K
}
Event: 145.194 GC heap after
{Heap after GC invocations=1596 (full 0):
 garbage-first heap   total 909312K, used 4739K [0x0000000600c00000, 0x0000000800000000)
  region size 4096K, 1 young (4096K), 1 survivors (4096K)
 Metaspace       used 3833K, committed 4032K, reserved 1114112K
  class space    used 309K, committed 384K, reserved 1048576K
}
Event: 145.238 GC heap before
{Heap before GC invocations=1596 (full 0):
 garbage-first heap   total 909312K, used 406147K [0x0000000600c00000, 0x0000000800000000)
  region size 4096K, 2 young (8192K), 1 survivors (4096K)
 Metaspace       used 3833K, committed 4032K, reserved 1114112K
  class space    used 309K, committed 384K, reserved 1048576K
}
Event: 145.238 GC heap after
{Heap after GC invocations=1597 (full 0):
 garbage-first heap   total 909312K, used 4739K [0x0000000600c00000, 0x0000000800000000)
  region size 4096K, 1 young (4096K), 1 survivors (4096K)
 Metaspace       used 3833K, committed 4032K, reserved 1114112K
  class space    used 309K, committed 384K, reserved 1048576K
}
Event: 145.279 GC heap before
{Heap before GC invocations=1597 (full 0):
 garbage-first heap   total 909312K, used 406147K [0x0000000600c00000, 0x0000000800000000)
  region size 4096K, 2 young (8192K), 1 survivors (4096K)
 Metaspace       used 3833K, committed 4032K, reserved 1114112K
  class space    used 309K, committed 384K, reserved 1048576K
}
Event: 145.280 GC heap after
{Heap after GC invocations=1598 (full 0):
 garbage-first heap   total 909312K, used 4739K [0x0000000600c00000, 0x0000000800000000)
  region size 4096K, 1 young (4096K), 1 survivors (4096K)
 Metaspace       used 3833K, committed 4032K, reserved 1114112K
  class space    used 309K, committed 384K, reserved 1048576K
}
Event: 145.324 GC heap before
{Heap before GC invocations=1598 (full 0):
 garbage-first heap   total 909312K, used 406147K [0x0000000600c00000, 0x0000000800000000)
  region size 4096K, 2 young (8192K), 1 survivors (4096K)
 Metaspace       used 3833K, committed 4032K, reserved 1114112K
  class space    used 309K, committed 384K, reserved 1048576K
}
Event: 145.325 GC heap after
{Heap after GC invocations=1599 (full 0):
 garbage-first heap   total 909312K, used 4739K [0x0000000600c00000, 0x0000000800000000)
  region size 4096K, 1 young (4096K), 1 survivors (4096K)
 Metaspace       used 3833K, committed 4032K, reserved 1114112K
  class space    used 309K, committed 384K, reserved 1048576K
}
Event: 145.364 GC heap before
{Heap before GC invocations=1599 (full 0):
 garbage-first heap   total 909312K, used 406147K [0x0000000600c00000, 0x0000000800000000)
  region size 4096K, 2 young (8192K), 1 survivors (4096K)
 Metaspace       used 3833K, committed 4032K, reserved 1114112K
  class space    used 309K, committed 384K, reserved 1048576K
}
Event: 145.365 GC heap after
{Heap after GC invocations=1600 (full 0):
 garbage-first heap   total 909312K, used 4739K [0x0000000600c00000, 0x0000000800000000)
  region size 4096K, 1 young (4096K), 1 survivors (4096K)
 Metaspace       used 3833K, committed 4032K, reserved 1114112K
  class space    used 309K, committed 384K, reserved 1048576K
}
Event: 145.410 GC heap before
{Heap before GC invocations=1600 (full 0):
 garbage-first heap   total 909312K, used 406147K [0x0000000600c00000, 0x0000000800000000)
  region size 4096K, 2 young (8192K), 1 survivors (4096K)
 Metaspace       used 3833K, committed 4032K, reserved 1114112K
  class space    used 309K, committed 384K, reserved 1048576K
}
Event: 145.411 GC heap after
{Heap after GC invocations=1601 (full 0):
 garbage-first heap   total 909312K, used 4739K [0x0000000600c00000, 0x0000000800000000)
  region size 4096K, 1 young (4096K), 1 survivors (4096K)
 Metaspace       used 3833K, committed 4032K, reserved 1114112K
  class space    used 309K, committed 384K, reserved 1048576K
}
Event: 145.452 GC heap before
{Heap before GC invocations=1601 (full 0):
 garbage-first heap   total 909312K, used 406147K [0x0000000600c00000, 0x0000000800000000)
  region size 4096K, 2 young (8192K), 1 survivors (4096K)
 Metaspace       used 3833K, committed 4032K, reserved 1114112K
  class space    used 309K, committed 384K, reserved 1048576K
}
Event: 145.453 GC heap after
{Heap after GC invocations=1602 (full 0):
 garbage-first heap   total 909312K, used 4739K [0x0000000600c00000, 0x0000000800000000)
  region size 4096K, 1 young (4096K), 1 survivors (4096K)
 Metaspace       used 3833K, committed 4032K, reserved 1114112K
  class space    used 309K, committed 384K, reserved 1048576K
}
Event: 145.500 GC heap before
{Heap before GC invocations=1602 (full 0):
 garbage-first heap   total 909312K, used 406147K [0x0000000600c00000, 0x0000000800000000)
  region size 4096K, 2 young (8192K), 1 survivors (4096K)
 Metaspace       used 3833K, committed 4032K, reserved 1114112K
  class space    used 309K, committed 384K, reserved 1048576K
}

