# JRE version: OpenJDK Runtime Environment Temurin-17.0.7+7 (17.0.7+7) (build 17.0.7+7)
# Java VM: OpenJDK 64-Bit Server VM Temurin-17.0.7+7 (17.0.7+7, mixed mode, tiered, compressed oops, compressed class ptrs, g1 gc, windows-amd64)
GC Precious Log:
 CPUs: 6 total, 6 available
 Memory: 32712M
 Large Page Support: Disabled
 NUMA Support: Disabled
 Compressed Oops: Enabled (Zero based)
 Heap Region Size: 4M
 Heap Min Capacity: 8M
 Heap Initial Capacity: 512M
 Heap Max Capacity: 8180M
 Pre-touch: Disabled
 Parallel Workers: 6
 Concurrent Workers: 2
 Concurrent Refinement Workers: 6
 Periodic GC: Disabled
Heap:
 garbage-first heap   total 630784K, used 788K [0x0000000600c00000, 0x0000000800000000)
  region size 4096K, 1 young (4096K), 1 survivors (4096K)
 Metaspace       used 3833K, committed 4032K, reserved 1114112K
  class space    used 309K, committed 384K, reserved 1048576K
GC Heap History (20 events):
Event: 0.233 GC heap after
{Heap after GC invocations=3 (full 0):
 garbage-first heap   total 524288K, used 728K [0x0000000600c00000, 0x0000000800000000)
  region size 4096K, 1 young (4096K), 1 survivors (4096K)
 Metaspace       used 3833K, committed 4032K, reserved 1114112K
  class space    used 309K, committed 384K, reserved 1048576K
}
Event: 0.287 GC heap before
{Heap before GC invocations=3 (full 0):
 garbage-first heap   total 524288K, used 303832K [0x0000000600c00000, 0x0000000800000000)
  region size 4096K, 76 young (311296K), 1 survivors (4096K)
 Metaspace       used 3833K, committed 4032K, reserved 1114112K
  class space    used 309K, committed 384K, reserved 1048576K
}
Event: 0.288 GC heap after
{Heap after GC invocations=4 (full 0):
 garbage-first heap   total 524288K, used 720K [0x0000000600c00000, 0x0000000800000000)
  region size 4096K, 1 young (4096K), 1 survivors (4096K)
 Metaspace       used 3833K, committed 4032K, reserved 1114112K
  class space    used 309K, committed 384K, reserved 1048576K
}
Event: 0.344 GC heap before
{Heap before GC invocations=4 (full 0):
 garbage-first heap   total 524288K, used 303824K [0x0000000600c00000, 0x0000000800000000)
  region size 4096K, 76 young (311296K), 1 survivors (4096K)
 Metaspace       used 3833K, committed 4032K, reserved 1114112K
  class space    used 309K, committed 384K, reserved 1048576K
}
Event: 0.344 GC heap after
{Heap after GC invocations=5 (full 0):
 garbage-first heap   total 524288K, used 806K [0x0000000600c00000, 0x0000000800000000)
  region size 4096K, 1 young (4096K), 1 survivors (4096K)
 Metaspace       used 3833K, committed 4032K, reserved 1114112K
  class space    used 309K, committed 384K, reserved 1048576K
}
Event: 0.397 GC heap before
{Heap before GC invocations=5 (full 0):
 garbage-first heap   total 524288K, used 303910K [0x0000000600c00000, 0x0000000800000000)
  region size 4096K, 76 young (311296K), 1 survivors (4096K)
 Metaspace       used 3833K, committed 4032K, reserved 1114112K
  class space    used 309K, committed 384K, reserved 1048576K
}
Event: 0.398 GC heap after
{Heap after GC invocations=6 (full 0):
 garbage-first heap   total 524288K, used 707K [0x0000000600c00000, 0x0000000800000000)
  region size 4096K, 1 young (4096K), 1 survivors (4096K)
 Metaspace       used 3833K, committed 4032K, reserved 1114112K
  class space    used 309K, committed 384K, reserved 1048576K
}
Event: 0.450 GC heap before
{Heap before GC invocations=6 (full 0):
 garbage-first heap   total 524288K, used 303811K [0x0000000600c00000, 0x0000000800000000)
  region size 4096K, 76 young (311296K), 1 survivors (4096K)
 Metaspace       used 3833K, committed 4032K, reserved 1114112K
  class space    used 309K, committed 384K, reserved 1048576K
}
Event: 0.451 GC heap after
{Heap after GC invocations=7 (full 0):
 garbage-first heap   total 630784K, used 827K [0x0000000600c00000, 0x0000000800000000)
  region size 4096K, 1 young (4096K), 1 survivors (4096K)
 Metaspace       used 3833K, committed 4032K, reserved 1114112K
  class space    used 309K, committed 384K, reserved 1048576K
}
Event: 0.535 GC heap before
{Heap before GC invocations=7 (full 0):
 garbage-first heap   total 630784K, used 369467K [0x0000000600c00000, 0x0000000800000000)
  region size 4096K, 92 young (376832K), 1 survivors (4096K)
 Metaspace       used 3833K, committed 4032K, reserved 1114112K
  class space    used 309K, committed 384K, reserved 1048576K
}
Event: 0.536 GC heap after
{Heap after GC invocations=8 (full 0):
 garbage-first heap   total 630784K, used 726K [0x0000000600c00000, 0x0000000800000000)
  region size 4096K, 1 young (4096K), 1 survivors (4096K)
 Metaspace       used 3833K, committed 4032K, reserved 1114112K
  class space    used 309K, committed 384K, reserved 1048576K
}
Event: 0.601 GC heap before
{Heap before GC invocations=8 (full 0):
 garbage-first heap   total 630784K, used 369366K [0x0000000600c00000, 0x0000000800000000)
  region size 4096K, 92 young (376832K), 1 survivors (4096K)
 Metaspace       used 3833K, committed 4032K, reserved 1114112K
  class space    used 309K, committed 384K, reserved 1048576K
}
Event: 0.602 GC heap after
{Heap after GC invocations=9 (full 0):
 garbage-first heap   total 630784K, used 865K [0x0000000600c00000, 0x0000000800000000)
  region size 4096K, 1 young (4096K), 1 survivors (4096K)
 Metaspace       used 3833K, committed 4032K, reserved 1114112K
  class space    used 309K, committed 384K, reserved 1048576K
}
Event: 0.667 GC heap before
{Heap before GC invocations=9 (full 0):
 garbage-first heap   total 630784K, used 369505K [0x0000000600c00000, 0x0000000800000000)
  region size 4096K, 92 young (376832K), 1 survivors (4096K)
 Metaspace       used 3833K, committed 4032K, reserved 1114112K
  class space    used 309K, committed 384K, reserved 1048576K
}
Event: 0.668 GC heap after
{Heap after GC invocations=10 (full 0):
 garbage-first heap   total 630784K, used 779K [0x0000000600c00000, 0x0000000800000000)
  region size 4096K, 1 young (4096K), 1 survivors (4096K)
 Metaspace       used 3833K, committed 4032K, reserved 1114112K
  class space    used 309K, committed 384K, reserved 1048576K
}
Event: 0.730 GC heap before
{Heap before GC invocations=10 (full 0):
 garbage-first heap   total 630784K, used 369419K [0x0000000600c00000, 0x0000000800000000)
  region size 4096K, 92 young (376832K), 1 survivors (4096K)
 Metaspace       used 3833K, committed 4032K, reserved 1114112K
  class space    used 309K, committed 384K, reserved 1048576K
}
Event: 0.731 GC heap after
{Heap after GC invocations=11 (full 0):
 garbage-first heap   total 630784K, used 743K [0x0000000600c00000, 0x0000000800000000)
  region size 4096K, 1 young (4096K), 1 survivors (4096K)
 Metaspace       used 3833K, committed 4032K, reserved 1114112K
  class space    used 309K, committed 384K, reserved 1048576K
}
Event: 0.799 GC heap before
{Heap before GC invocations=11 (full 0):
 garbage-first heap   total 630784K, used 369383K [0x0000000600c00000, 0x0000000800000000)
  region size 4096K, 92 young (376832K), 1 survivors (4096K)
 Metaspace       used 3833K, committed 4032K, reserved 1114112K
  class space    used 309K, committed 384K, reserved 1048576K
}
Event: 0.800 GC heap after
{Heap after GC invocations=12 (full 0):
 garbage-first heap   total 630784K, used 924K [0x0000000600c00000, 0x0000000800000000)
  region size 4096K, 1 young (4096K), 1 survivors (4096K)
 Metaspace       used 3833K, committed 4032K, reserved 1114112K
  class space    used 309K, committed 384K, reserved 1048576K
}
Event: 0.866 GC heap before
{Heap before GC invocations=12 (full 0):
 garbage-first heap   total 630784K, used 369564K [0x0000000600c00000, 0x0000000800000000)
  region size 4096K, 92 young (376832K), 1 survivors (4096K)
 Metaspace       used 3833K, committed 4032K, reserved 1114112K
  class space    used 309K, committed 384K, reserved 1048576K
}

